<?xml version="1.0" encoding="UTF-8"?>
<!-- Generated by org.testng.reporters.JUnitReportReporter -->
<testsuite hostname="Balram" failures="0" tests="4" name="api.test.UserTests" time="10.553" errors="0" timestamp="2024-11-25T17:12:23 IST" skipped="0">
  <testcase classname="api.test.UserTests" name="TestPostUser" time="4.251"/>
  <testcase classname="api.test.UserTests" name="TestGetUserByName" time="1.622"/>
  <testcase classname="api.test.UserTests" name="TestUpdateUserByName" time="3.079"/>
  <testcase classname="api.test.UserTests" name="TestDeleteUserByName" time="1.601"/>
</testsuite> <!-- api.test.UserTests -->
