<?xml version="1.0" encoding="UTF-8"?>
<!-- Generated by org.testng.reporters.JUnitReportReporter -->
<testsuite hostname="Balram" failures="0" tests="6" name="api.test.DDTests" time="11.502" errors="0" timestamp="2024-11-25T17:00:21 IST" skipped="0">
  <testcase classname="api.test.DDTests" name="testPostuser" time="1.578"/>
  <testcase classname="api.test.DDTests" name="testPostuser" time="3.245"/>
  <testcase classname="api.test.DDTests" name="testPostuser" time="1.469"/>
  <testcase classname="api.test.DDTests" name="testDeleteUserByName" time="1.489"/>
  <testcase classname="api.test.DDTests" name="testDeleteUserByName" time="2.156"/>
  <testcase classname="api.test.DDTests" name="testDeleteUserByName" time="1.565"/>
</testsuite> <!-- api.test.DDTests -->
