<?xml version="1.0" encoding="UTF-8"?>
<!-- Generated by org.testng.reporters.JUnitReportReporter -->
<testsuite hostname="Balram" failures="0" tests="4" name="api.test.UserTests" time="13.302" errors="0" timestamp="2024-11-26T11:31:03 IST" skipped="0">
  <testcase classname="api.test.UserTests" name="TestPostUser" time="4.698"/>
  <testcase classname="api.test.UserTests" name="TestGetUserByName" time="1.835"/>
  <testcase classname="api.test.UserTests" name="TestUpdateUserByName" time="4.513"/>
  <testcase classname="api.test.UserTests" name="TestDeleteUserByName" time="2.256"/>
</testsuite> <!-- api.test.UserTests -->
