<?xml version="1.0" encoding="UTF-8"?>
<!-- Generated by org.testng.reporters.JUnitReportReporter -->
<testsuite hostname="Balram" failures="0" tests="4" name="api.test.UserTests" time="17.668" errors="0" timestamp="2024-11-26T12:40:10 IST" skipped="0">
  <testcase classname="api.test.UserTests" name="TestPostUser" time="5.882"/>
  <testcase classname="api.test.UserTests" name="TestGetUserByName" time="2.478"/>
  <testcase classname="api.test.UserTests" name="TestUpdateUserByName" time="7.268"/>
  <testcase classname="api.test.UserTests" name="TestDeleteUserByName" time="2.040"/>
</testsuite> <!-- api.test.UserTests -->
