<?xml version="1.0" encoding="UTF-8"?>
<!-- Generated by org.testng.reporters.JUnitReportReporter -->
<testsuite hostname="Balram" failures="0" tests="4" name="api.test.UserTests2" time="7.555" errors="0" timestamp="2024-11-26T12:40:10 IST" skipped="0">
  <testcase classname="api.test.UserTests2" name="testPostUser" time="1.531"/>
  <testcase classname="api.test.UserTests2" name="testGetUserByName" time="1.618"/>
  <testcase classname="api.test.UserTests2" name="testUpdateUserByName" time="2.932"/>
  <testcase classname="api.test.UserTests2" name="testDeleteUserByName" time="1.474"/>
</testsuite> <!-- api.test.UserTests2 -->
