<?xml version="1.0" encoding="UTF-8"?>
<!-- Generated by org.testng.reporters.JUnitReportReporter -->
<testsuite hostname="Balram" failures="0" tests="6" name="api.test.DDTests" time="14.939" errors="0" timestamp="2024-11-26T11:31:03 IST" skipped="0">
  <testcase classname="api.test.DDTests" name="testPostuser" time="2.456"/>
  <testcase classname="api.test.DDTests" name="testPostuser" time="2.456"/>
  <testcase classname="api.test.DDTests" name="testPostuser" time="2.780"/>
  <testcase classname="api.test.DDTests" name="testDeleteUserByName" time="2.657"/>
  <testcase classname="api.test.DDTests" name="testDeleteUserByName" time="2.131"/>
  <testcase classname="api.test.DDTests" name="testDeleteUserByName" time="2.459"/>
</testsuite> <!-- api.test.DDTests -->
