<?xml version="1.0" encoding="UTF-8"?>
<!-- Generated by org.testng.reporters.JUnitReportReporter -->
<testsuite hostname="Balram" failures="0" tests="6" name="api.test.DDTests" time="9.300" errors="0" timestamp="2024-11-26T12:40:10 IST" skipped="0">
  <testcase classname="api.test.DDTests" name="testPostuser" time="1.580"/>
  <testcase classname="api.test.DDTests" name="testPostuser" time="1.381"/>
  <testcase classname="api.test.DDTests" name="testPostuser" time="1.285"/>
  <testcase classname="api.test.DDTests" name="testDeleteUserByName" time="1.599"/>
  <testcase classname="api.test.DDTests" name="testDeleteUserByName" time="1.518"/>
  <testcase classname="api.test.DDTests" name="testDeleteUserByName" time="1.937"/>
</testsuite> <!-- api.test.DDTests -->
