<?xml version="1.0" encoding="UTF-8"?>
<!-- Generated by org.testng.reporters.JUnitReportReporter -->
<testsuite hostname="Balram" failures="0" tests="4" name="api.test.UserTests2" time="11.206" errors="0" timestamp="2024-11-26T11:31:03 IST" skipped="0">
  <testcase classname="api.test.UserTests2" name="testPostUser" time="2.818"/>
  <testcase classname="api.test.UserTests2" name="testGetUserByName" time="2.247"/>
  <testcase classname="api.test.UserTests2" name="testUpdateUserByName" time="4.193"/>
  <testcase classname="api.test.UserTests2" name="testDeleteUserByName" time="1.948"/>
</testsuite> <!-- api.test.UserTests2 -->
